# JRE version: Java(TM) SE Runtime Environment (9.0+11) (build 9.0.4+11)
# Java VM: Java HotSpot(TM) 64-Bit Server VM (9.0.4+11, mixed mode, tiered, compressed oops, g1 gc, windows-amd64)
Heap:
 garbage-first heap   total 490496K, used 162923K [0x0000000700000000, 0x0000000700100ef8, 0x00000007c0000000)
  region size 1024K, 17 young (17408K), 4 survivors (4096K)
 Metaspace       used 91725K, capacity 97835K, committed 98048K, reserved 1132544K
  class space    used 13489K, capacity 14558K, committed 14592K, reserved 1048576K
GC Heap History (10 events):
Event: 606.033 GC heap before
{Heap before GC invocations=214 (full 6):
 garbage-first heap   total 490496K, used 208254K [0x0000000700000000, 0x0000000700100ef8, 0x00000007c0000000)
  region size 1024K, 60 young (61440K), 1 survivors (1024K)
 Metaspace       used 91526K, capacity 97707K, committed 97792K, reserved 1132544K
  class space    used 13486K, capacity 14558K, committed 14592K, reserved 1048576K
}
Event: 606.035 GC heap after
{Heap after GC invocations=215 (full 6):
 garbage-first heap   total 490496K, used 148336K [0x0000000700000000, 0x0000000700100ef8, 0x00000007c0000000)
  region size 1024K, 2 young (2048K), 2 survivors (2048K)
 Metaspace       used 91526K, capacity 97707K, committed 97792K, reserved 1132544K
  class space    used 13486K, capacity 14558K, committed 14592K, reserved 1048576K
}
Event: 607.986 GC heap before
{Heap before GC invocations=215 (full 6):
 garbage-first heap   total 490496K, used 207728K [0x0000000700000000, 0x0000000700100ef8, 0x00000007c0000000)
  region size 1024K, 60 young (61440K), 2 survivors (2048K)
 Metaspace       used 91664K, capacity 97771K, committed 98048K, reserved 1132544K
  class space    used 13488K, capacity 14558K, committed 14592K, reserved 1048576K
}
Event: 607.990 GC heap after
{Heap after GC invocations=216 (full 6):
 garbage-first heap   total 490496K, used 149858K [0x0000000700000000, 0x0000000700100ef8, 0x00000007c0000000)
  region size 1024K, 3 young (3072K), 3 survivors (3072K)
 Metaspace       used 91664K, capacity 97771K, committed 98048K, reserved 1132544K
  class space    used 13488K, capacity 14558K, committed 14592K, reserved 1048576K
}
Event: 614.976 GC heap before
{Heap before GC invocations=216 (full 6):
 garbage-first heap   total 490496K, used 208226K [0x0000000700000000, 0x0000000700100ef8, 0x00000007c0000000)
  region size 1024K, 60 young (61440K), 3 survivors (3072K)
 Metaspace       used 91674K, capacity 97771K, committed 98048K, reserved 1132544K
  class space    used 13488K, capacity 14558K, committed 14592K, reserved 1048576K
}
Event: 614.980 GC heap after
{Heap after GC invocations=217 (full 6):
 garbage-first heap   total 490496K, used 150445K [0x0000000700000000, 0x0000000700100ef8, 0x00000007c0000000)
  region size 1024K, 4 young (4096K), 4 survivors (4096K)
 Metaspace       used 91674K, capacity 97771K, committed 98048K, reserved 1132544K
  class space    used 13488K, capacity 14558K, committed 14592K, reserved 1048576K
}
Event: 626.355 GC heap before
{Heap before GC invocations=217 (full 6):
 garbage-first heap   total 490496K, used 207789K [0x0000000700000000, 0x0000000700100ef8, 0x00000007c0000000)
  region size 1024K, 60 young (61440K), 4 survivors (4096K)
 Metaspace       used 91714K, capacity 97835K, committed 98048K, reserved 1132544K
  class space    used 13489K, capacity 14558K, committed 14592K, reserved 1048576K
}
Event: 626.358 GC heap after
{Heap after GC invocations=218 (full 6):
 garbage-first heap   total 490496K, used 150440K [0x0000000700000000, 0x0000000700100ef8, 0x00000007c0000000)
  region size 1024K, 4 young (4096K), 4 survivors (4096K)
 Metaspace       used 91714K, capacity 97835K, committed 98048K, reserved 1132544K
  class space    used 13489K, capacity 14558K, committed 14592K, reserved 1048576K
}
Event: 628.407 GC heap before
{Heap before GC invocations=218 (full 6):
 garbage-first heap   total 490496K, used 207784K [0x0000000700000000, 0x0000000700100ef8, 0x00000007c0000000)
  region size 1024K, 60 young (61440K), 4 survivors (4096K)
 Metaspace       used 91725K, capacity 97835K, committed 98048K, reserved 1132544K
  class space    used 13489K, capacity 14558K, committed 14592K, reserved 1048576K
}
Event: 628.410 GC heap after
{Heap after GC invocations=219 (full 6):
 garbage-first heap   total 490496K, used 150635K [0x0000000700000000, 0x0000000700100ef8, 0x00000007c0000000)
  region size 1024K, 4 young (4096K), 4 survivors (4096K)
 Metaspace       used 91725K, capacity 97835K, committed 98048K, reserved 1132544K
  class space    used 13489K, capacity 14558K, committed 14592K, reserved 1048576K
}

